SF:D:\Hackaton_AgendaConsultas_FIAP\HealthMed.AgendaConsulta.API\Program.cs
FN:2,System.Void Program::<Main>$(System.String[])
FNDA:0,System.Void Program::<Main>$(System.String[])
DA:3,0
DA:7,0
DA:9,0
DA:10,0
DA:11,0
DA:12,0
DA:13,0
DA:14,0
DA:15,0
DA:16,0
DA:18,0
DA:20,0
DA:22,0
DA:24,0
DA:26,0
DA:28,0
LF:16
LH:0
BRF:0
BRH:0
FNF:1
FNH:0
end_of_record
SF:D:\Hackaton_AgendaConsultas_FIAP\HealthMed.AgendaConsulta.API\Controllers\MedicoController.cs
FN:12,System.Void HealthMed.AgendaConsulta.API.Controllers.MedicoController::.ctor(AutoMapper.IMapper,HealthMed.AgendaConsulta.Application.Services.Interface.IMedicoApplicationService,HealthMed.AgendaConsulta.Domain.Interfaces.Notifications.INotificador)
FNDA:9,System.Void HealthMed.AgendaConsulta.API.Controllers.MedicoController::.ctor(AutoMapper.IMapper,HealthMed.AgendaConsulta.Application.Services.Interface.IMedicoApplicationService,HealthMed.AgendaConsulta.Domain.Interfaces.Notifications.INotificador)
DA:13,9
DA:14,9
DA:15,9
FN:18,System.Void HealthMed.AgendaConsulta.API.Controllers.MedicoController/<Autenticar>d__4::MoveNext()
FNDA:3,System.Void HealthMed.AgendaConsulta.API.Controllers.MedicoController/<Autenticar>d__4::MoveNext()
DA:19,3
DA:21,3
DA:22,3
DA:24,2
DA:25,1
DA:26,1
DA:27,1
DA:30,1
DA:32,1
DA:33,1
DA:34,1
DA:35,1
DA:37,3
BRDA:24,180,0,1
BRDA:24,180,1,1
FN:40,System.Void HealthMed.AgendaConsulta.API.Controllers.MedicoController/<Cadastrar>d__5::MoveNext()
FNDA:3,System.Void HealthMed.AgendaConsulta.API.Controllers.MedicoController/<Cadastrar>d__5::MoveNext()
DA:41,3
DA:43,3
DA:44,3
DA:46,2
DA:47,1
DA:48,1
DA:49,1
DA:52,1
DA:54,1
DA:55,1
DA:56,1
DA:57,1
DA:59,3
BRDA:46,156,0,1
BRDA:46,156,1,1
FN:63,System.Void HealthMed.AgendaConsulta.API.Controllers.MedicoController/<EditarExpediente>d__6::MoveNext()
FNDA:3,System.Void HealthMed.AgendaConsulta.API.Controllers.MedicoController/<EditarExpediente>d__6::MoveNext()
DA:64,3
DA:66,3
DA:67,3
DA:69,2
DA:70,1
DA:71,1
DA:72,1
DA:75,1
DA:77,1
DA:78,1
DA:79,1
DA:80,1
DA:82,3
BRDA:69,162,0,1
BRDA:69,162,1,1
LF:42
LH:42
BRF:6
BRH:6
FNF:4
FNH:4
end_of_record
SF:D:\Hackaton_AgendaConsultas_FIAP\HealthMed.AgendaConsulta.API\Controllers\PacienteController.cs
FN:12,System.Void HealthMed.AgendaConsulta.API.Controllers.PacienteController::.ctor(AutoMapper.IMapper,HealthMed.AgendaConsulta.Application.Services.Interface.IPacienteApplicationService,HealthMed.AgendaConsulta.Domain.Interfaces.Notifications.INotificador)
FNDA:0,System.Void HealthMed.AgendaConsulta.API.Controllers.PacienteController::.ctor(AutoMapper.IMapper,HealthMed.AgendaConsulta.Application.Services.Interface.IPacienteApplicationService,HealthMed.AgendaConsulta.Domain.Interfaces.Notifications.INotificador)
DA:13,0
DA:14,0
DA:15,0
FN:86,System.Void HealthMed.AgendaConsulta.API.Controllers.PacienteController/<AgendarConsulta>d__7::MoveNext()
FNDA:0,System.Void HealthMed.AgendaConsulta.API.Controllers.PacienteController/<AgendarConsulta>d__7::MoveNext()
DA:87,0
DA:89,0
DA:90,0
DA:92,0
DA:93,0
DA:94,0
DA:95,0
DA:98,0
DA:100,0
DA:101,0
DA:102,0
DA:103,0
DA:105,0
BRDA:92,186,0,0
BRDA:92,186,1,0
FN:18,System.Void HealthMed.AgendaConsulta.API.Controllers.PacienteController/<Autenticar>d__4::MoveNext()
FNDA:0,System.Void HealthMed.AgendaConsulta.API.Controllers.PacienteController/<Autenticar>d__4::MoveNext()
DA:19,0
DA:21,0
DA:22,0
DA:24,0
DA:25,0
DA:26,0
DA:27,0
DA:30,0
DA:32,0
DA:33,0
DA:34,0
DA:35,0
DA:37,0
BRDA:24,180,0,0
BRDA:24,180,1,0
FN:63,System.Void HealthMed.AgendaConsulta.API.Controllers.PacienteController/<BuscarMedicos>d__6::MoveNext()
FNDA:0,System.Void HealthMed.AgendaConsulta.API.Controllers.PacienteController/<BuscarMedicos>d__6::MoveNext()
DA:64,0
DA:66,0
DA:67,0
DA:69,0
DA:70,0
DA:71,0
DA:72,0
DA:75,0
DA:77,0
DA:78,0
DA:79,0
DA:80,0
DA:82,0
BRDA:69,180,0,0
BRDA:69,180,1,0
FN:40,System.Void HealthMed.AgendaConsulta.API.Controllers.PacienteController/<Cadastrar>d__5::MoveNext()
FNDA:0,System.Void HealthMed.AgendaConsulta.API.Controllers.PacienteController/<Cadastrar>d__5::MoveNext()
DA:41,0
DA:43,0
DA:44,0
DA:46,0
DA:47,0
DA:48,0
DA:49,0
DA:52,0
DA:54,0
DA:55,0
DA:56,0
DA:57,0
DA:59,0
BRDA:46,156,0,0
BRDA:46,156,1,0
LF:55
LH:0
BRF:8
BRH:0
FNF:5
FNH:0
end_of_record
SF:D:\Hackaton_AgendaConsultas_FIAP\HealthMed.AgendaConsulta.Application\ViewModels\AutenticacaoViewModel.cs
FN:4,System.String HealthMed.AgendaConsulta.Application.ViewModels.AutenticacaoViewModel::get_Email()
FNDA:8,System.String HealthMed.AgendaConsulta.Application.ViewModels.AutenticacaoViewModel::get_Email()
DA:5,8
FN:5,System.String HealthMed.AgendaConsulta.Application.ViewModels.AutenticacaoViewModel::get_Senha()
FNDA:8,System.String HealthMed.AgendaConsulta.Application.ViewModels.AutenticacaoViewModel::get_Senha()
DA:6,8
LF:2
LH:2
BRF:0
BRH:0
FNF:2
FNH:2
end_of_record
SF:D:\Hackaton_AgendaConsultas_FIAP\HealthMed.AgendaConsulta.Application\ViewModels\ErroViewModel.cs
FN:4,System.Int32 HealthMed.AgendaConsulta.Application.ViewModels.ErroViewModel::get_StatusCode()
FNDA:15,System.Int32 HealthMed.AgendaConsulta.Application.ViewModels.ErroViewModel::get_StatusCode()
DA:5,15
FN:5,System.Collections.Generic.List`1<System.String> HealthMed.AgendaConsulta.Application.ViewModels.ErroViewModel::get_Erros()
FNDA:6,System.Collections.Generic.List`1<System.String> HealthMed.AgendaConsulta.Application.ViewModels.ErroViewModel::get_Erros()
DA:6,6
LF:2
LH:2
BRF:0
BRH:0
FNF:2
FNH:2
end_of_record
SF:D:\Hackaton_AgendaConsultas_FIAP\HealthMed.AgendaConsulta.Application\ViewModels\Paciente\AgendaConsultaViewModel.cs
FN:4,System.Int32 HealthMed.AgendaConsulta.Application.ViewModels.Paciente.AgendaConsultaViewModel::get_MedicoId()
FNDA:0,System.Int32 HealthMed.AgendaConsulta.Application.ViewModels.Paciente.AgendaConsultaViewModel::get_MedicoId()
DA:5,0
FN:5,System.DateTime HealthMed.AgendaConsulta.Application.ViewModels.Paciente.AgendaConsultaViewModel::get_InicioConsulta()
FNDA:0,System.DateTime HealthMed.AgendaConsulta.Application.ViewModels.Paciente.AgendaConsultaViewModel::get_InicioConsulta()
DA:6,0
LF:2
LH:0
BRF:0
BRH:0
FNF:2
FNH:0
end_of_record
SF:D:\Hackaton_AgendaConsultas_FIAP\HealthMed.AgendaConsulta.Application\ViewModels\Paciente\BuscaMedicoViewModel.cs
FN:4,System.DateTime HealthMed.AgendaConsulta.Application.ViewModels.Paciente.BuscaMedicoViewModel::get_Dia()
FNDA:0,System.DateTime HealthMed.AgendaConsulta.Application.ViewModels.Paciente.BuscaMedicoViewModel::get_Dia()
DA:5,0
FN:5,System.Collections.Generic.List`1<HealthMed.AgendaConsulta.Domain.Entities.Medico> HealthMed.AgendaConsulta.Application.ViewModels.Paciente.BuscaMedicoViewModel::get_Medicos()
FNDA:0,System.Collections.Generic.List`1<HealthMed.AgendaConsulta.Domain.Entities.Medico> HealthMed.AgendaConsulta.Application.ViewModels.Paciente.BuscaMedicoViewModel::get_Medicos()
DA:6,0
LF:2
LH:0
BRF:0
BRH:0
FNF:2
FNH:0
end_of_record
SF:D:\Hackaton_AgendaConsultas_FIAP\HealthMed.AgendaConsulta.Application\ViewModels\Paciente\CadastraPacienteViewModel.cs
FN:4,System.String HealthMed.AgendaConsulta.Application.ViewModels.Paciente.CadastraPacienteViewModel::get_Nome()
FNDA:0,System.String HealthMed.AgendaConsulta.Application.ViewModels.Paciente.CadastraPacienteViewModel::get_Nome()
DA:5,0
FN:5,System.String HealthMed.AgendaConsulta.Application.ViewModels.Paciente.CadastraPacienteViewModel::get_CPF()
FNDA:0,System.String HealthMed.AgendaConsulta.Application.ViewModels.Paciente.CadastraPacienteViewModel::get_CPF()
DA:6,0
FN:6,System.String HealthMed.AgendaConsulta.Application.ViewModels.Paciente.CadastraPacienteViewModel::get_Email()
FNDA:0,System.String HealthMed.AgendaConsulta.Application.ViewModels.Paciente.CadastraPacienteViewModel::get_Email()
DA:7,0
FN:7,System.String HealthMed.AgendaConsulta.Application.ViewModels.Paciente.CadastraPacienteViewModel::get_Senha()
FNDA:0,System.String HealthMed.AgendaConsulta.Application.ViewModels.Paciente.CadastraPacienteViewModel::get_Senha()
DA:8,0
LF:4
LH:0
BRF:0
BRH:0
FNF:4
FNH:0
end_of_record
SF:D:\Hackaton_AgendaConsultas_FIAP\HealthMed.AgendaConsulta.Application\Validations\AutenticacaoValidation.cs
FN:7,System.Void HealthMed.AgendaConsulta.Application.Validations.AutenticacaoValidation::.ctor()
FNDA:2,System.Void HealthMed.AgendaConsulta.Application.Validations.AutenticacaoValidation::.ctor()
DA:8,2
DA:9,2
DA:10,2
DA:11,2
DA:12,2
DA:14,2
DA:15,2
DA:16,2
DA:17,2
LF:9
LH:9
BRF:0
BRH:0
FNF:1
FNH:1
end_of_record
SF:D:\Hackaton_AgendaConsultas_FIAP\HealthMed.AgendaConsulta.Application\Validations\IdValidation.cs
FN:6,System.Void HealthMed.AgendaConsulta.Application.Validations.IdValidation::.ctor()
FNDA:0,System.Void HealthMed.AgendaConsulta.Application.Validations.IdValidation::.ctor()
DA:7,0
DA:8,0
DA:9,0
DA:10,0
DA:11,0
LF:5
LH:0
BRF:0
BRH:0
FNF:1
FNH:0
end_of_record
SF:D:\Hackaton_AgendaConsultas_FIAP\HealthMed.AgendaConsulta.Application\Validations\Paciente\AgendaConsultaValidation.cs
FN:7,System.Void HealthMed.AgendaConsulta.Application.Validations.Paciente.AgendaConsultaValidation::.ctor()
FNDA:0,System.Void HealthMed.AgendaConsulta.Application.Validations.Paciente.AgendaConsultaValidation::.ctor()
DA:8,0
DA:9,0
DA:10,0
DA:11,0
DA:12,0
DA:14,0
DA:15,0
DA:16,0
DA:17,0
LF:9
LH:0
BRF:0
BRH:0
FNF:1
FNH:0
end_of_record
SF:D:\Hackaton_AgendaConsultas_FIAP\HealthMed.AgendaConsulta.Application\Validations\Paciente\BuscaMedicosValidation.cs
FN:6,System.Void HealthMed.AgendaConsulta.Application.Validations.Paciente.BuscaMedicosValidation::.ctor()
FNDA:0,System.Void HealthMed.AgendaConsulta.Application.Validations.Paciente.BuscaMedicosValidation::.ctor()
DA:7,0
DA:8,0
DA:9,0
DA:10,0
DA:11,0
DA:12,0
LF:6
LH:0
BRF:0
BRH:0
FNF:1
FNH:0
end_of_record
SF:D:\Hackaton_AgendaConsultas_FIAP\HealthMed.AgendaConsulta.Application\Validations\Paciente\CadastraPacienteValidation.cs
FN:7,System.Void HealthMed.AgendaConsulta.Application.Validations.Paciente.CadastraPacienteValidation::.ctor()
FNDA:0,System.Void HealthMed.AgendaConsulta.Application.Validations.Paciente.CadastraPacienteValidation::.ctor()
DA:8,0
DA:9,0
DA:10,0
DA:11,0
DA:12,0
DA:14,0
DA:15,0
DA:16,0
DA:18,0
DA:19,0
DA:20,0
DA:22,0
DA:23,0
DA:24,0
DA:25,0
LF:15
LH:0
BRF:0
BRH:0
FNF:1
FNH:0
end_of_record
SF:D:\Hackaton_AgendaConsultas_FIAP\HealthMed.AgendaConsulta.Application\Validations\Medico\CadastraMedicoValidation.cs
FN:7,System.Void HealthMed.AgendaConsulta.Application.Validations.Medico.CadastraMedicoValidation::.ctor()
FNDA:2,System.Void HealthMed.AgendaConsulta.Application.Validations.Medico.CadastraMedicoValidation::.ctor()
DA:8,2
DA:9,2
DA:10,2
DA:11,2
DA:12,2
DA:14,2
DA:15,2
DA:16,2
DA:18,2
DA:19,2
DA:20,2
DA:22,2
DA:23,2
DA:24,2
DA:26,2
DA:27,2
DA:28,2
DA:29,2
LF:18
LH:18
BRF:0
BRH:0
FNF:1
FNH:1
end_of_record
SF:D:\Hackaton_AgendaConsultas_FIAP\HealthMed.AgendaConsulta.Application\Validations\Medico\EditaExpedienteValidation.cs
FN:7,System.Void HealthMed.AgendaConsulta.Application.Validations.Medico.EditaExpedienteValidation::.ctor()
FNDA:2,System.Void HealthMed.AgendaConsulta.Application.Validations.Medico.EditaExpedienteValidation::.ctor()
DA:8,2
DA:9,2
DA:10,2
DA:11,2
DA:12,2
DA:13,2
DA:15,2
DA:16,2
DA:17,2
DA:18,2
DA:20,2
DA:21,2
DA:22,2
DA:23,2
DA:25,2
DA:26,2
DA:27,2
DA:28,2
DA:30,2
DA:31,2
DA:32,2
DA:33,2
DA:35,2
DA:36,2
DA:37,2
DA:38,2
DA:40,2
DA:41,2
DA:42,2
DA:43,2
DA:44,2
LF:31
LH:31
BRF:0
BRH:0
FNF:1
FNH:1
end_of_record
SF:D:\Hackaton_AgendaConsultas_FIAP\HealthMed.AgendaConsulta.Application\Services\MedicoApplicationService.cs
FN:16,System.Void HealthMed.AgendaConsulta.Application.Services.MedicoApplicationService::.ctor(AutoMapper.IMapper,HealthMed.AgendaConsulta.Domain.Interfaces.Services.IMedicoService,HealthMed.AgendaConsulta.Domain.Interfaces.Notifications.INotificador)
FNDA:6,System.Void HealthMed.AgendaConsulta.Application.Services.MedicoApplicationService::.ctor(AutoMapper.IMapper,HealthMed.AgendaConsulta.Domain.Interfaces.Services.IMedicoService,HealthMed.AgendaConsulta.Domain.Interfaces.Notifications.INotificador)
DA:17,6
FN:19,System.Void HealthMed.AgendaConsulta.Application.Services.MedicoApplicationService/<AutenticarMedico>d__4::MoveNext()
FNDA:2,System.Void HealthMed.AgendaConsulta.Application.Services.MedicoApplicationService/<AutenticarMedico>d__4::MoveNext()
DA:20,2
DA:21,2
DA:23,2
DA:24,1
DA:25,1
DA:26,1
DA:29,1
DA:30,2
BRDA:23,62,0,1
BRDA:23,62,1,1
FN:32,System.Void HealthMed.AgendaConsulta.Application.Services.MedicoApplicationService/<CadastrarMedico>d__5::MoveNext()
FNDA:2,System.Void HealthMed.AgendaConsulta.Application.Services.MedicoApplicationService/<CadastrarMedico>d__5::MoveNext()
DA:33,2
DA:34,2
DA:36,2
DA:37,1
DA:39,1
DA:40,1
DA:41,2
BRDA:36,59,0,1
BRDA:36,59,1,1
FN:43,System.Void HealthMed.AgendaConsulta.Application.Services.MedicoApplicationService/<EditarExpediente>d__6::MoveNext()
FNDA:2,System.Void HealthMed.AgendaConsulta.Application.Services.MedicoApplicationService/<EditarExpediente>d__6::MoveNext()
DA:44,2
DA:45,2
DA:47,2
DA:48,1
DA:49,1
DA:50,1
DA:51,1
DA:52,2
BRDA:47,62,0,1
BRDA:47,62,1,2
LF:24
LH:24
BRF:6
BRH:6
FNF:4
FNH:4
end_of_record
SF:D:\Hackaton_AgendaConsultas_FIAP\HealthMed.AgendaConsulta.Application\Services\PacienteApplicationService.cs
FN:16,System.Void HealthMed.AgendaConsulta.Application.Services.PacienteApplicationServic::.ctor(AutoMapper.IMapper,HealthMed.AgendaConsulta.Domain.Interfaces.Services.IPacienteService,HealthMed.AgendaConsulta.Domain.Interfaces.Notifications.INotificador)
FNDA:0,System.Void HealthMed.AgendaConsulta.Application.Services.PacienteApplicationServic::.ctor(AutoMapper.IMapper,HealthMed.AgendaConsulta.Domain.Interfaces.Services.IPacienteService,HealthMed.AgendaConsulta.Domain.Interfaces.Notifications.INotificador)
DA:17,0
FN:58,System.Void HealthMed.AgendaConsulta.Application.Services.PacienteApplicationServic/<AgendarConsulta>d__7::MoveNext()
FNDA:0,System.Void HealthMed.AgendaConsulta.Application.Services.PacienteApplicationServic/<AgendarConsulta>d__7::MoveNext()
DA:59,0
DA:60,0
DA:62,0
DA:63,0
DA:64,0
DA:65,0
DA:67,0
DA:70,0
DA:71,0
BRDA:62,62,0,0
BRDA:62,62,1,0
FN:19,System.Void HealthMed.AgendaConsulta.Application.Services.PacienteApplicationServic/<AutenticarPaciente>d__4::MoveNext()
FNDA:0,System.Void HealthMed.AgendaConsulta.Application.Services.PacienteApplicationServic/<AutenticarPaciente>d__4::MoveNext()
DA:20,0
DA:21,0
DA:23,0
DA:24,0
DA:25,0
DA:26,0
DA:29,0
DA:30,0
BRDA:23,62,0,0
BRDA:23,62,1,0
FN:43,System.Void HealthMed.AgendaConsulta.Application.Services.PacienteApplicationServic/<BuscarMedicos>d__6::MoveNext()
FNDA:0,System.Void HealthMed.AgendaConsulta.Application.Services.PacienteApplicationServic/<BuscarMedicos>d__6::MoveNext()
DA:44,0
DA:45,0
DA:47,0
DA:49,0
DA:50,0
DA:51,0
DA:52,0
DA:53,0
DA:55,0
DA:56,0
BRDA:49,73,0,0
BRDA:49,73,1,0
FN:32,System.Void HealthMed.AgendaConsulta.Application.Services.PacienteApplicationServic/<CadastrarPaciente>d__5::MoveNext()
FNDA:0,System.Void HealthMed.AgendaConsulta.Application.Services.PacienteApplicationServic/<CadastrarPaciente>d__5::MoveNext()
DA:33,0
DA:34,0
DA:36,0
DA:37,0
DA:39,0
DA:40,0
DA:41,0
BRDA:36,59,0,0
BRDA:36,59,1,0
LF:35
LH:0
BRF:8
BRH:0
FNF:5
FNH:0
end_of_record
SF:D:\Hackaton_AgendaConsultas_FIAP\HealthMed.AgendaConsulta.Domain\Services\MedicoService.cs
FN:13,System.Void HealthMed.AgendaConsulta.Domain.Services.MedicoService::.ctor(HealthMed.AgendaConsulta.Domain.Interfaces.Services.ITokenService,HealthMed.AgendaConsulta.Domain.Interfaces.Repositories.IMedicoRepository,HealthMed.AgendaConsulta.Domain.Interfaces.Notifications.INotificador)
FNDA:6,System.Void HealthMed.AgendaConsulta.Domain.Services.MedicoService::.ctor(HealthMed.AgendaConsulta.Domain.Interfaces.Services.ITokenService,HealthMed.AgendaConsulta.Domain.Interfaces.Repositories.IMedicoRepository,HealthMed.AgendaConsulta.Domain.Interfaces.Notifications.INotificador)
DA:14,6
FN:16,System.Void HealthMed.AgendaConsulta.Domain.Services.MedicoService/<Autenticar>d__3::MoveNext()
FNDA:2,System.Void HealthMed.AgendaConsulta.Domain.Services.MedicoService/<Autenticar>d__3::MoveNext()
DA:17,2
DA:18,2
DA:20,2
DA:21,1
DA:22,1
DA:23,1
DA:26,1
DA:27,2
BRDA:20,164,0,1
BRDA:20,164,1,1
FN:29,System.Void HealthMed.AgendaConsulta.Domain.Services.MedicoService/<Cadastrar>d__4::MoveNext()
FNDA:2,System.Void HealthMed.AgendaConsulta.Domain.Services.MedicoService/<Cadastrar>d__4::MoveNext()
DA:30,2
DA:31,2
DA:32,2
DA:33,2
DA:34,2
DA:36,2
DA:37,1
DA:38,1
DA:39,1
DA:42,1
DA:43,2
BRDA:36,537,0,1
BRDA:36,537,1,1
FN:45,System.Void HealthMed.AgendaConsulta.Domain.Services.MedicoService/<EditarExpediente>d__5::MoveNext()
FNDA:2,System.Void HealthMed.AgendaConsulta.Domain.Services.MedicoService/<EditarExpediente>d__5::MoveNext()
DA:46,2
DA:47,2
DA:49,2
DA:50,1
DA:51,1
DA:52,1
DA:55,1
DA:56,1
DA:57,2
BRDA:49,173,0,1
BRDA:49,173,1,1
LF:29
LH:29
BRF:6
BRH:6
FNF:4
FNH:4
end_of_record
SF:D:\Hackaton_AgendaConsultas_FIAP\HealthMed.AgendaConsulta.Domain\Services\PacienteService.cs
FN:57,System.Threading.Tasks.Task`1<System.String> HealthMed.AgendaConsulta.Domain.Services.PacienteService::AgendarConsulta(HealthMed.AgendaConsulta.Domain.Entities.Consulta)
FNDA:0,System.Threading.Tasks.Task`1<System.String> HealthMed.AgendaConsulta.Domain.Services.PacienteService::AgendarConsulta(HealthMed.AgendaConsulta.Domain.Entities.Consulta)
DA:58,0
DA:59,0
FN:14,System.Void HealthMed.AgendaConsulta.Domain.Services.PacienteService::.ctor(HealthMed.AgendaConsulta.Domain.Interfaces.Services.ITokenService,HealthMed.AgendaConsulta.Domain.Interfaces.Repositories.IPacienteRepository,HealthMed.AgendaConsulta.Domain.Interfaces.Repositories.IMedicoRepository,HealthMed.AgendaConsulta.Domain.Interfaces.Notifications.INotificador)
FNDA:0,System.Void HealthMed.AgendaConsulta.Domain.Services.PacienteService::.ctor(HealthMed.AgendaConsulta.Domain.Interfaces.Services.ITokenService,HealthMed.AgendaConsulta.Domain.Interfaces.Repositories.IPacienteRepository,HealthMed.AgendaConsulta.Domain.Interfaces.Repositories.IMedicoRepository,HealthMed.AgendaConsulta.Domain.Interfaces.Notifications.INotificador)
DA:15,0
FN:49,System.Boolean HealthMed.AgendaConsulta.Domain.Services.PacienteService/<>c::<BuscarMedicos>b__6_0(HealthMed.AgendaConsulta.Domain.Entities.Medico)
FNDA:0,System.Boolean HealthMed.AgendaConsulta.Domain.Services.PacienteService/<>c::<BuscarMedicos>b__6_0(HealthMed.AgendaConsulta.Domain.Entities.Medico)
DA:50,0
FN:51,System.Boolean HealthMed.AgendaConsulta.Domain.Services.PacienteService/<>c::<BuscarMedicos>b__6_1(HealthMed.AgendaConsulta.Domain.Entities.Medico)
FNDA:0,System.Boolean HealthMed.AgendaConsulta.Domain.Services.PacienteService/<>c::<BuscarMedicos>b__6_1(HealthMed.AgendaConsulta.Domain.Entities.Medico)
DA:52,0
FN:17,System.Void HealthMed.AgendaConsulta.Domain.Services.PacienteService/<Autenticar>d__4::MoveNext()
FNDA:0,System.Void HealthMed.AgendaConsulta.Domain.Services.PacienteService/<Autenticar>d__4::MoveNext()
DA:18,0
DA:19,0
DA:21,0
DA:22,0
DA:23,0
DA:24,0
DA:27,0
DA:28,0
BRDA:21,164,0,0
BRDA:21,164,1,0
FN:45,System.Void HealthMed.AgendaConsulta.Domain.Services.PacienteService/<BuscarMedicos>d__6::MoveNext()
FNDA:0,System.Void HealthMed.AgendaConsulta.Domain.Services.PacienteService/<BuscarMedicos>d__6::MoveNext()
DA:46,0
DA:47,0
DA:48,0
DA:54,0
DA:55,0
FN:30,System.Void HealthMed.AgendaConsulta.Domain.Services.PacienteService/<Cadastrar>d__5::MoveNext()
FNDA:0,System.Void HealthMed.AgendaConsulta.Domain.Services.PacienteService/<Cadastrar>d__5::MoveNext()
DA:31,0
DA:32,0
DA:33,0
DA:34,0
DA:36,0
DA:37,0
DA:38,0
DA:39,0
DA:42,0
DA:43,0
BRDA:36,447,0,0
BRDA:36,447,1,0
LF:28
LH:0
BRF:4
BRH:0
FNF:7
FNH:0
end_of_record
SF:D:\Hackaton_AgendaConsultas_FIAP\HealthMed.AgendaConsulta.Domain\Services\TokenService.cs
FN:14,HealthMed.AgendaConsulta.Domain.Entities.ValueObject.TokenAcesso HealthMed.AgendaConsulta.Domain.Services.TokenService::GerarToken(System.String,HealthMed.AgendaConsulta.Domain.Entities.Enums.TipoCredencial)
FNDA:1,HealthMed.AgendaConsulta.Domain.Entities.ValueObject.TokenAcesso HealthMed.AgendaConsulta.Domain.Services.TokenService::GerarToken(System.String,HealthMed.AgendaConsulta.Domain.Entities.Enums.TipoCredencial)
DA:15,1
DA:16,1
DA:17,1
DA:19,1
DA:20,1
DA:21,1
DA:22,1
DA:23,1
DA:24,1
DA:25,1
DA:26,1
DA:27,1
DA:28,1
DA:29,1
DA:30,1
DA:32,1
DA:33,1
DA:35,1
DA:36,1
DA:37,1
DA:38,1
DA:39,1
DA:40,1
FN:11,System.Void HealthMed.AgendaConsulta.Domain.Services.TokenService::.ctor(HealthMed.AgendaConsulta.Domain.Entities.Parameters.AuthenticationParameters)
FNDA:1,System.Void HealthMed.AgendaConsulta.Domain.Services.TokenService::.ctor(HealthMed.AgendaConsulta.Domain.Entities.Parameters.AuthenticationParameters)
DA:12,1
LF:24
LH:24
BRF:0
BRH:0
FNF:2
FNH:2
end_of_record
SF:D:\Hackaton_AgendaConsultas_FIAP\HealthMed.AgendaConsulta.Domain\Notifications\Notificacao.cs
FN:12,System.String HealthMed.AgendaConsulta.Domain.Notifications.Notificacao::get_Mensagem()
FNDA:3,System.String HealthMed.AgendaConsulta.Domain.Notifications.Notificacao::get_Mensagem()
DA:13,3
FN:13,HealthMed.AgendaConsulta.Domain.Notifications.TipoNotificacao HealthMed.AgendaConsulta.Domain.Notifications.Notificacao::get_Tipo()
FNDA:3,HealthMed.AgendaConsulta.Domain.Notifications.TipoNotificacao HealthMed.AgendaConsulta.Domain.Notifications.Notificacao::get_Tipo()
DA:14,3
FN:14,System.Void HealthMed.AgendaConsulta.Domain.Notifications.Notificacao::.ctor(System.String,HealthMed.AgendaConsulta.Domain.Notifications.TipoNotificacao)
FNDA:18,System.Void HealthMed.AgendaConsulta.Domain.Notifications.Notificacao::.ctor(System.String,HealthMed.AgendaConsulta.Domain.Notifications.TipoNotificacao)
DA:15,18
DA:16,18
DA:17,18
DA:18,18
DA:19,18
LF:7
LH:7
BRF:0
BRH:0
FNF:3
FNH:3
end_of_record
SF:D:\Hackaton_AgendaConsultas_FIAP\HealthMed.AgendaConsulta.Domain\Notifications\Notificador.cs
FN:9,System.Void HealthMed.AgendaConsulta.Domain.Notifications.Notificador::AddNotificacao(HealthMed.AgendaConsulta.Domain.Notifications.Notificacao)
FNDA:18,System.Void HealthMed.AgendaConsulta.Domain.Notifications.Notificador::AddNotificacao(HealthMed.AgendaConsulta.Domain.Notifications.Notificacao)
DA:10,18
DA:11,18
DA:12,18
FN:13,System.Collections.Generic.IReadOnlyCollection`1<HealthMed.AgendaConsulta.Domain.Notifications.Notificacao> HealthMed.AgendaConsulta.Domain.Notifications.Notificador::ObterNotificacoes()
FNDA:3,System.Collections.Generic.IReadOnlyCollection`1<HealthMed.AgendaConsulta.Domain.Notifications.Notificacao> HealthMed.AgendaConsulta.Domain.Notifications.Notificador::ObterNotificacoes()
DA:14,3
FN:14,System.Boolean HealthMed.AgendaConsulta.Domain.Notifications.Notificador::TemNotificacao()
FNDA:30,System.Boolean HealthMed.AgendaConsulta.Domain.Notifications.Notificador::TemNotificacao()
DA:15,30
FN:6,System.Void HealthMed.AgendaConsulta.Domain.Notifications.Notificador::.ctor()
FNDA:21,System.Void HealthMed.AgendaConsulta.Domain.Notifications.Notificador::.ctor()
DA:7,21
LF:6
LH:6
BRF:0
BRH:0
FNF:4
FNH:4
end_of_record
SF:D:\Hackaton_AgendaConsultas_FIAP\HealthMed.AgendaConsulta.Domain\Notifications\Abstract\NotificadorContext.cs
FN:9,System.Void HealthMed.AgendaConsulta.Domain.Notifications.Abstract.NotificadorContext::Notificar(FluentValidation.Results.ValidationResult)
FNDA:6,System.Void HealthMed.AgendaConsulta.Domain.Notifications.Abstract.NotificadorContext::Notificar(FluentValidation.Results.ValidationResult)
DA:10,6
DA:11,42
DA:12,12
DA:13,12
DA:14,12
DA:15,6
BRDA:11,47,1,12
BRDA:11,47,0,6
FN:17,System.Void HealthMed.AgendaConsulta.Domain.Notifications.Abstract.NotificadorContext::Notificar(System.String,HealthMed.AgendaConsulta.Domain.Notifications.TipoNotificacao)
FNDA:15,System.Void HealthMed.AgendaConsulta.Domain.Notifications.Abstract.NotificadorContext::Notificar(System.String,HealthMed.AgendaConsulta.Domain.Notifications.TipoNotificacao)
DA:18,15
DA:19,15
DA:21,15
DA:22,15
FN:24,System.Void HealthMed.AgendaConsulta.Domain.Notifications.Abstract.NotificadorContext::ExecutarValidacao(TV,TVM)
FNDA:6,System.Void HealthMed.AgendaConsulta.Domain.Notifications.Abstract.NotificadorContext::ExecutarValidacao(TV,TVM)
DA:25,6
DA:26,6
DA:28,6
DA:29,6
FN:31,System.Void HealthMed.AgendaConsulta.Domain.Notifications.Abstract.NotificadorContext::ExecutarValidacao(TV,System.Int32)
FNDA:0,System.Void HealthMed.AgendaConsulta.Domain.Notifications.Abstract.NotificadorContext::ExecutarValidacao(TV,System.Int32)
DA:32,0
DA:33,0
DA:35,0
DA:36,0
FN:38,System.Void HealthMed.AgendaConsulta.Domain.Notifications.Abstract.NotificadorContext::ExecutarValidacao(TV,System.DateTime)
FNDA:0,System.Void HealthMed.AgendaConsulta.Domain.Notifications.Abstract.NotificadorContext::ExecutarValidacao(TV,System.DateTime)
DA:39,0
DA:40,0
DA:42,0
DA:43,0
FN:45,System.Void HealthMed.AgendaConsulta.Domain.Notifications.Abstract.NotificadorContext::ExecutarValidacao(TV,System.ValueTuple`2<System.Int32,System.Int32>)
FNDA:0,System.Void HealthMed.AgendaConsulta.Domain.Notifications.Abstract.NotificadorContext::ExecutarValidacao(TV,System.ValueTuple`2<System.Int32,System.Int32>)
DA:46,0
DA:47,0
DA:49,0
DA:50,0
FN:52,System.Void HealthMed.AgendaConsulta.Domain.Notifications.Abstract.NotificadorContext::ExecutarValidacao(TV,System.ValueTuple`2<System.Decimal,System.Decimal>)
FNDA:0,System.Void HealthMed.AgendaConsulta.Domain.Notifications.Abstract.NotificadorContext::ExecutarValidacao(TV,System.ValueTuple`2<System.Decimal,System.Decimal>)
DA:53,0
DA:54,0
DA:56,0
DA:57,0
FN:59,System.Void HealthMed.AgendaConsulta.Domain.Notifications.Abstract.NotificadorContext::ExecutarValidacao(TV,System.ValueTuple`2<System.DateTime,System.DateTime>)
FNDA:0,System.Void HealthMed.AgendaConsulta.Domain.Notifications.Abstract.NotificadorContext::ExecutarValidacao(TV,System.ValueTuple`2<System.DateTime,System.DateTime>)
DA:60,0
DA:61,0
DA:63,0
DA:64,0
FN:6,System.Void HealthMed.AgendaConsulta.Domain.Notifications.Abstract.NotificadorContext::.ctor(HealthMed.AgendaConsulta.Domain.Interfaces.Notifications.INotificador)
FNDA:12,System.Void HealthMed.AgendaConsulta.Domain.Notifications.Abstract.NotificadorContext::.ctor(HealthMed.AgendaConsulta.Domain.Interfaces.Notifications.INotificador)
DA:7,12
LF:35
LH:15
BRF:2
BRH:2
FNF:9
FNH:4
end_of_record
SF:D:\Hackaton_AgendaConsultas_FIAP\HealthMed.AgendaConsulta.Infra\Vendor\NotificationManager.cs
FN:13,System.Void HealthMed.AgendaConsulta.Infra.Vendor.NotificationManager::.ctor(Microsoft.Extensions.Azure.IAzureClientFactory`1<Azure.Communication.Email.EmailClient>,HealthMed.AgendaConsulta.Domain.Entities.Parameters.AzureComunicationServiceParameters,HealthMed.AgendaConsulta.Domain.Interfaces.Notifications.INotificador)
FNDA:0,System.Void HealthMed.AgendaConsulta.Infra.Vendor.NotificationManager::.ctor(Microsoft.Extensions.Azure.IAzureClientFactory`1<Azure.Communication.Email.EmailClient>,HealthMed.AgendaConsulta.Domain.Entities.Parameters.AzureComunicationServiceParameters,HealthMed.AgendaConsulta.Domain.Interfaces.Notifications.INotificador)
DA:14,0
FN:19,System.Void HealthMed.AgendaConsulta.Infra.Vendor.NotificationManager/<SendEmailNotification>d__3::MoveNext()
FNDA:0,System.Void HealthMed.AgendaConsulta.Infra.Vendor.NotificationManager/<SendEmailNotification>d__3::MoveNext()
DA:20,0
DA:21,0
DA:23,0
DA:24,0
DA:25,0
DA:26,0
DA:27,0
DA:28,0
DA:29,0
DA:30,0
DA:31,0
DA:32,0
DA:33,0
DA:35,0
DA:36,0
DA:37,0
DA:38,0
DA:39,0
DA:41,0
DA:43,0
DA:44,0
DA:46,0
DA:47,0
BRDA:43,492,0,0
BRDA:43,492,1,0
LF:24
LH:0
BRF:2
BRH:0
FNF:2
FNH:0
end_of_record
SF:D:\Hackaton_AgendaConsultas_FIAP\HealthMed.AgendaConsulta.Infra\Migrations\20240731233359_Inicial.cs
FN:11,System.Void HealthMed.AgendaConsulta.Infra.Migrations.Inicial::Up(Microsoft.EntityFrameworkCore.Migrations.MigrationBuilder)
FNDA:0,System.Void HealthMed.AgendaConsulta.Infra.Migrations.Inicial::Up(Microsoft.EntityFrameworkCore.Migrations.MigrationBuilder)
DA:12,0
DA:13,0
DA:14,0
DA:15,0
DA:16,0
DA:17,0
DA:18,0
DA:19,0
DA:20,0
DA:21,0
DA:22,0
DA:23,0
DA:24,0
DA:25,0
DA:26,0
DA:28,0
DA:29,0
DA:30,0
DA:31,0
DA:32,0
DA:33,0
DA:34,0
DA:35,0
DA:36,0
DA:37,0
DA:38,0
DA:39,0
DA:40,0
DA:42,0
DA:43,0
DA:44,0
DA:45,0
DA:46,0
DA:47,0
DA:48,0
DA:49,0
DA:50,0
DA:51,0
DA:52,0
DA:53,0
DA:54,0
DA:55,0
DA:56,0
DA:57,0
DA:58,0
DA:59,0
DA:61,0
DA:62,0
DA:63,0
DA:64,0
DA:65,0
DA:66,0
DA:67,0
DA:68,0
DA:69,0
DA:70,0
DA:71,0
DA:72,0
DA:73,0
DA:74,0
DA:75,0
DA:76,0
DA:77,0
DA:78,0
DA:79,0
DA:80,0
DA:81,0
DA:82,0
DA:83,0
DA:84,0
DA:85,0
DA:86,0
DA:87,0
DA:88,0
DA:89,0
DA:90,0
DA:91,0
DA:92,0
DA:93,0
DA:94,0
DA:95,0
DA:96,0
DA:97,0
DA:99,0
DA:100,0
DA:101,0
DA:102,0
DA:103,0
DA:104,0
DA:105,0
DA:106,0
DA:107,0
DA:108,0
DA:109,0
DA:110,0
DA:111,0
DA:112,0
DA:113,0
DA:114,0
DA:115,0
DA:116,0
DA:117,0
DA:118,0
DA:119,0
DA:120,0
DA:121,0
DA:122,0
DA:123,0
DA:124,0
DA:125,0
DA:127,0
DA:128,0
DA:129,0
DA:130,0
DA:131,0
DA:132,0
DA:133,0
DA:134,0
DA:135,0
DA:136,0
DA:137,0
DA:138,0
DA:139,0
DA:140,0
DA:141,0
DA:142,0
DA:143,0
DA:144,0
DA:146,0
DA:147,0
DA:148,0
DA:149,0
DA:151,0
DA:152,0
DA:153,0
DA:154,0
DA:155,0
FN:158,System.Void HealthMed.AgendaConsulta.Infra.Migrations.Inicial::Down(Microsoft.EntityFrameworkCore.Migrations.MigrationBuilder)
FNDA:0,System.Void HealthMed.AgendaConsulta.Infra.Migrations.Inicial::Down(Microsoft.EntityFrameworkCore.Migrations.MigrationBuilder)
DA:159,0
DA:160,0
DA:161,0
DA:163,0
DA:164,0
DA:166,0
DA:167,0
DA:169,0
DA:170,0
DA:172,0
DA:173,0
DA:175,0
DA:176,0
DA:177,0
LF:151
LH:0
BRF:0
BRH:0
FNF:2
FNH:0
end_of_record
SF:D:\Hackaton_AgendaConsultas_FIAP\HealthMed.AgendaConsulta.Infra\Migrations\20240731233359_Inicial.Designer.cs
FN:19,System.Void HealthMed.AgendaConsulta.Infra.Migrations.Inicial::BuildTargetModel(Microsoft.EntityFrameworkCore.ModelBuilder)
FNDA:0,System.Void HealthMed.AgendaConsulta.Infra.Migrations.Inicial::BuildTargetModel(Microsoft.EntityFrameworkCore.ModelBuilder)
DA:20,0
DA:22,0
DA:23,0
DA:24,0
DA:26,0
DA:28,0
DA:29,0
DA:30,0
DA:31,0
DA:32,0
DA:33,0
DA:34,0
DA:35,0
DA:36,0
DA:37,0
DA:38,0
DA:39,0
DA:40,0
DA:41,0
DA:42,0
DA:43,0
DA:44,0
DA:45,0
DA:46,0
DA:47,0
DA:48,0
DA:49,0
DA:50,0
DA:51,0
DA:52,0
DA:53,0
DA:54,0
DA:55,0
DA:57,0
DA:58,0
DA:59,0
DA:60,0
DA:61,0
DA:62,0
DA:63,0
DA:64,0
DA:65,0
DA:66,0
DA:67,0
DA:68,0
DA:69,0
DA:70,0
DA:71,0
DA:72,0
DA:73,0
DA:74,0
DA:75,0
DA:76,0
DA:77,0
DA:78,0
DA:79,0
DA:80,0
DA:82,0
DA:83,0
DA:84,0
DA:85,0
DA:86,0
DA:87,0
DA:88,0
DA:89,0
DA:90,0
DA:91,0
DA:92,0
DA:93,0
DA:94,0
DA:95,0
DA:96,0
DA:97,0
DA:98,0
DA:99,0
DA:100,0
DA:101,0
DA:103,0
DA:104,0
DA:105,0
DA:106,0
DA:107,0
DA:108,0
DA:109,0
DA:110,0
DA:111,0
DA:112,0
DA:113,0
DA:114,0
DA:115,0
DA:116,0
DA:118,0
DA:119,0
DA:120,0
DA:121,0
DA:122,0
DA:123,0
DA:124,0
DA:125,0
DA:126,0
DA:127,0
DA:128,0
DA:129,0
DA:130,0
DA:131,0
DA:132,0
DA:133,0
DA:134,0
DA:135,0
DA:136,0
DA:137,0
DA:138,0
DA:139,0
DA:140,0
DA:141,0
DA:142,0
DA:143,0
DA:144,0
DA:145,0
DA:146,0
DA:147,0
DA:148,0
DA:149,0
DA:150,0
DA:151,0
DA:152,0
DA:153,0
DA:154,0
DA:155,0
DA:156,0
DA:157,0
DA:158,0
DA:159,0
DA:160,0
DA:161,0
DA:162,0
DA:163,0
DA:164,0
DA:165,0
DA:166,0
DA:167,0
DA:168,0
DA:169,0
DA:170,0
DA:171,0
DA:172,0
DA:173,0
DA:174,0
DA:175,0
DA:176,0
DA:177,0
DA:178,0
DA:179,0
DA:180,0
DA:181,0
DA:182,0
DA:183,0
DA:184,0
DA:185,0
DA:186,0
DA:187,0
DA:188,0
DA:189,0
DA:190,0
DA:191,0
DA:192,0
DA:193,0
DA:194,0
DA:195,0
DA:196,0
DA:197,0
DA:198,0
DA:199,0
DA:200,0
DA:201,0
DA:202,0
DA:203,0
DA:204,0
DA:205,0
DA:206,0
DA:207,0
DA:208,0
DA:209,0
DA:210,0
DA:211,0
DA:212,0
DA:213,0
DA:214,0
DA:215,0
DA:216,0
DA:217,0
DA:218,0
DA:219,0
DA:220,0
DA:221,0
DA:222,0
DA:224,0
DA:225,0
DA:226,0
DA:227,0
DA:228,0
DA:229,0
DA:230,0
DA:231,0
DA:232,0
DA:233,0
DA:234,0
DA:235,0
DA:236,0
DA:237,0
DA:238,0
DA:239,0
DA:240,0
DA:241,0
DA:242,0
DA:243,0
DA:244,0
DA:245,0
DA:246,0
DA:247,0
DA:248,0
DA:249,0
DA:251,0
DA:252,0
DA:253,0
DA:254,0
DA:256,0
DA:257,0
DA:258,0
DA:259,0
DA:261,0
LF:231
LH:0
BRF:0
BRH:0
FNF:1
FNH:0
end_of_record
SF:D:\Hackaton_AgendaConsultas_FIAP\HealthMed.AgendaConsulta.Infra\Migrations\ApplicationDbContextModelSnapshot.cs
FN:16,System.Void HealthMed.AgendaConsulta.Infra.Migrations.ApplicationDbContextModelSnapshot::BuildModel(Microsoft.EntityFrameworkCore.ModelBuilder)
FNDA:0,System.Void HealthMed.AgendaConsulta.Infra.Migrations.ApplicationDbContextModelSnapshot::BuildModel(Microsoft.EntityFrameworkCore.ModelBuilder)
DA:17,0
DA:19,0
DA:20,0
DA:21,0
DA:23,0
DA:25,0
DA:26,0
DA:27,0
DA:28,0
DA:29,0
DA:30,0
DA:31,0
DA:32,0
DA:33,0
DA:34,0
DA:35,0
DA:36,0
DA:37,0
DA:38,0
DA:39,0
DA:40,0
DA:41,0
DA:42,0
DA:43,0
DA:44,0
DA:45,0
DA:46,0
DA:47,0
DA:48,0
DA:49,0
DA:50,0
DA:51,0
DA:52,0
DA:54,0
DA:55,0
DA:56,0
DA:57,0
DA:58,0
DA:59,0
DA:60,0
DA:61,0
DA:62,0
DA:63,0
DA:64,0
DA:65,0
DA:66,0
DA:67,0
DA:68,0
DA:69,0
DA:70,0
DA:71,0
DA:72,0
DA:73,0
DA:74,0
DA:75,0
DA:76,0
DA:77,0
DA:79,0
DA:80,0
DA:81,0
DA:82,0
DA:83,0
DA:84,0
DA:85,0
DA:86,0
DA:87,0
DA:88,0
DA:89,0
DA:90,0
DA:91,0
DA:92,0
DA:93,0
DA:94,0
DA:95,0
DA:96,0
DA:97,0
DA:98,0
DA:100,0
DA:101,0
DA:102,0
DA:103,0
DA:104,0
DA:105,0
DA:106,0
DA:107,0
DA:108,0
DA:109,0
DA:110,0
DA:111,0
DA:112,0
DA:113,0
DA:115,0
DA:116,0
DA:117,0
DA:118,0
DA:119,0
DA:120,0
DA:121,0
DA:122,0
DA:123,0
DA:124,0
DA:125,0
DA:126,0
DA:127,0
DA:128,0
DA:129,0
DA:130,0
DA:131,0
DA:132,0
DA:133,0
DA:134,0
DA:135,0
DA:136,0
DA:137,0
DA:138,0
DA:139,0
DA:140,0
DA:141,0
DA:142,0
DA:143,0
DA:144,0
DA:145,0
DA:146,0
DA:147,0
DA:148,0
DA:149,0
DA:150,0
DA:151,0
DA:152,0
DA:153,0
DA:154,0
DA:155,0
DA:156,0
DA:157,0
DA:158,0
DA:159,0
DA:160,0
DA:161,0
DA:162,0
DA:163,0
DA:164,0
DA:165,0
DA:166,0
DA:167,0
DA:168,0
DA:169,0
DA:170,0
DA:171,0
DA:172,0
DA:173,0
DA:174,0
DA:175,0
DA:176,0
DA:177,0
DA:178,0
DA:179,0
DA:180,0
DA:181,0
DA:182,0
DA:183,0
DA:184,0
DA:185,0
DA:186,0
DA:187,0
DA:188,0
DA:189,0
DA:190,0
DA:191,0
DA:192,0
DA:193,0
DA:194,0
DA:195,0
DA:196,0
DA:197,0
DA:198,0
DA:199,0
DA:200,0
DA:201,0
DA:202,0
DA:203,0
DA:204,0
DA:205,0
DA:206,0
DA:207,0
DA:208,0
DA:209,0
DA:210,0
DA:211,0
DA:212,0
DA:213,0
DA:214,0
DA:215,0
DA:216,0
DA:217,0
DA:218,0
DA:219,0
DA:221,0
DA:222,0
DA:223,0
DA:224,0
DA:225,0
DA:226,0
DA:227,0
DA:228,0
DA:229,0
DA:230,0
DA:231,0
DA:232,0
DA:233,0
DA:234,0
DA:235,0
DA:236,0
DA:237,0
DA:238,0
DA:239,0
DA:240,0
DA:241,0
DA:242,0
DA:243,0
DA:244,0
DA:245,0
DA:246,0
DA:248,0
DA:249,0
DA:250,0
DA:251,0
DA:253,0
DA:254,0
DA:255,0
DA:256,0
DA:258,0
LF:231
LH:0
BRF:0
BRH:0
FNF:1
FNH:0
end_of_record